androidApp/build/intermediates/manifest_merge_blame_file/release/processReleaseMainManifest/manifest-merger-blame-release-report.txt
1<?xml version="1.0" encoding="utf-8"?>
2<manifest xmlns:android="http://schemas.android.com/apk/res/android"
3    package="com.memong.aos"
4    android:versionCode="1"
5    android:versionName="1.0" >
6
7    <uses-sdk
7-->src/main/AndroidManifest.xml:5:5-6:111
8        android:minSdkVersion="21"
9        android:targetSdkVersion="35" />
10
11    <uses-feature
11-->src/main/AndroidManifest.xml:8:5-10:36
12        android:name="android.hardware.camera"
12-->src/main/AndroidManifest.xml:9:9-47
13        android:required="false" />
13-->src/main/AndroidManifest.xml:10:9-33
14
15    <uses-permission android:name="android.permission.INTERNET" />
15-->src/main/AndroidManifest.xml:12:5-67
15-->src/main/AndroidManifest.xml:12:22-64
16    <uses-permission android:name="android.permission.ACCESS_NETWORK_STATE" />
16-->src/main/AndroidManifest.xml:13:5-79
16-->src/main/AndroidManifest.xml:13:22-76
17    <uses-permission android:name="android.permission.READ_CONTACTS" />
17-->src/main/AndroidManifest.xml:14:5-72
17-->src/main/AndroidManifest.xml:14:22-69
18    <uses-permission android:name="android.permission.POST_NOTIFICATIONS" />
18-->src/main/AndroidManifest.xml:15:5-77
18-->src/main/AndroidManifest.xml:15:22-74
19    <uses-permission android:name="android.permission.SYSTEM_ALERT_WINDOW" />
19-->src/main/AndroidManifest.xml:16:5-78
19-->src/main/AndroidManifest.xml:16:22-75
20    <uses-permission android:name="android.permission.FOREGROUND_SERVICE" />
20-->src/main/AndroidManifest.xml:17:5-77
20-->src/main/AndroidManifest.xml:17:22-74
21    <uses-permission android:name="android.permission.FOREGROUND_SERVICE_SPECIAL_USE" />
21-->src/main/AndroidManifest.xml:18:5-89
21-->src/main/AndroidManifest.xml:18:22-86
22    <uses-permission android:name="android.permission.VIBRATE" />
22-->src/main/AndroidManifest.xml:19:5-66
22-->src/main/AndroidManifest.xml:19:22-63
23    <uses-permission android:name="android.permission.CAMERA" />
23-->src/main/AndroidManifest.xml:20:5-65
23-->src/main/AndroidManifest.xml:20:22-62
24    <uses-permission android:name="android.permission.READ_MEDIA_IMAGES" />
24-->src/main/AndroidManifest.xml:21:5-76
24-->src/main/AndroidManifest.xml:21:22-73
25    <uses-permission android:name="android.permission.READ_EXTERNAL_STORAGE" />
25-->src/main/AndroidManifest.xml:22:5-80
25-->src/main/AndroidManifest.xml:22:22-77
26    <uses-permission android:name="android.permission.WRITE_EXTERNAL_STORAGE" />
26-->src/main/AndroidManifest.xml:23:5-81
26-->src/main/AndroidManifest.xml:23:22-78
27    <uses-permission android:name="android.permission.ACCESS_FINE_LOCATION" />
27-->src/main/AndroidManifest.xml:24:5-79
27-->src/main/AndroidManifest.xml:24:22-76
28    <uses-permission android:name="android.permission.ACCESS_COARSE_LOCATION" />
28-->src/main/AndroidManifest.xml:25:5-81
28-->src/main/AndroidManifest.xml:25:22-78
29    <uses-permission android:name="android.permission.MANAGE_EXTERNAL_STORAGE" />
29-->src/main/AndroidManifest.xml:26:5-28:40
29-->src/main/AndroidManifest.xml:27:9-66
30    <uses-permission android:name="android.permission.WAKE_LOCK" />
30-->[com.avatye.adcash:platform-ssp-adpopcorn:3.1.3.21_SNAPSHOT] AndroidManifest.xml:9:5-68
30-->[com.avatye.adcash:platform-ssp-adpopcorn:3.1.3.21_SNAPSHOT] AndroidManifest.xml:9:22-65
31    <uses-permission android:name="com.google.android.gms.permission.AD_ID" />
31-->[com.avatye.adcash:platform-ssp-adpopcorn:3.1.3.21_SNAPSHOT] AndroidManifest.xml:10:5-79
31-->[com.avatye.adcash:platform-ssp-adpopcorn:3.1.3.21_SNAPSHOT] AndroidManifest.xml:10:22-76
32    <uses-permission android:name="android.permission.REORDER_TASKS" />
32-->[com.avatye.adcash:platform-ssp-adpopcorn:3.1.3.21_SNAPSHOT] AndroidManifest.xml:11:5-72
32-->[com.avatye.adcash:platform-ssp-adpopcorn:3.1.3.21_SNAPSHOT] AndroidManifest.xml:11:22-69
33
34    <queries>
34-->[com.fsn.cauly:cauly-sdk:3.5.35] AndroidManifest.xml:14:5-127:15
35        <package android:name="com.android.chrome" /> <!-- 크롬 브라우저 앱 패키지 명 -->
35-->[com.fsn.cauly:cauly-sdk:3.5.35] AndroidManifest.xml:15:9-54
35-->[com.fsn.cauly:cauly-sdk:3.5.35] AndroidManifest.xml:15:18-51
36        <package android:name="com.android.browser" /> <!-- 기본 브라우저 앱 패키지 명 -->
36-->[com.fsn.cauly:cauly-sdk:3.5.35] AndroidManifest.xml:16:9-55
36-->[com.fsn.cauly:cauly-sdk:3.5.35] AndroidManifest.xml:16:18-52
37        <package android:name="com.sec.android.app.sbrowser" /> <!-- 삼성 브라우저 앱 패키지 명 -->
37-->[com.fsn.cauly:cauly-sdk:3.5.35] AndroidManifest.xml:17:9-64
37-->[com.fsn.cauly:cauly-sdk:3.5.35] AndroidManifest.xml:17:18-61
38        <package android:name="com.dreamgames.royalmatch" />
38-->[com.fsn.cauly:cauly-sdk:3.5.35] AndroidManifest.xml:18:9-61
38-->[com.fsn.cauly:cauly-sdk:3.5.35] AndroidManifest.xml:18:18-58
39        <package android:name="jp.co.ponos.battlecatskr" />
39-->[com.fsn.cauly:cauly-sdk:3.5.35] AndroidManifest.xml:19:9-60
39-->[com.fsn.cauly:cauly-sdk:3.5.35] AndroidManifest.xml:19:18-57
40        <package android:name="com.habby.sssnaker" />
40-->[com.fsn.cauly:cauly-sdk:3.5.35] AndroidManifest.xml:20:9-54
40-->[com.fsn.cauly:cauly-sdk:3.5.35] AndroidManifest.xml:20:18-51
41        <package android:name="com.rovio.baba" />
41-->[com.fsn.cauly:cauly-sdk:3.5.35] AndroidManifest.xml:21:9-50
41-->[com.fsn.cauly:cauly-sdk:3.5.35] AndroidManifest.xml:21:18-47
42        <package android:name="com.hg.happydessertsKR" />
42-->[com.fsn.cauly:cauly-sdk:3.5.35] AndroidManifest.xml:22:9-58
42-->[com.fsn.cauly:cauly-sdk:3.5.35] AndroidManifest.xml:22:18-55
43        <package android:name="com.playrix.gardenscapes" />
43-->[com.fsn.cauly:cauly-sdk:3.5.35] AndroidManifest.xml:23:9-60
43-->[com.fsn.cauly:cauly-sdk:3.5.35] AndroidManifest.xml:23:18-57
44        <package android:name="com.king.candycrushsaga" />
44-->[com.fsn.cauly:cauly-sdk:3.5.35] AndroidManifest.xml:24:9-59
44-->[com.fsn.cauly:cauly-sdk:3.5.35] AndroidManifest.xml:24:18-56
45        <package android:name="com.playrix.homescapes" />
45-->[com.fsn.cauly:cauly-sdk:3.5.35] AndroidManifest.xml:25:9-58
45-->[com.fsn.cauly:cauly-sdk:3.5.35] AndroidManifest.xml:25:18-55
46        <package android:name="com.king.blossomblast" />
46-->[com.fsn.cauly:cauly-sdk:3.5.35] AndroidManifest.xml:26:9-57
46-->[com.fsn.cauly:cauly-sdk:3.5.35] AndroidManifest.xml:26:18-54
47        <package android:name="com.playrix.township" />
47-->[com.fsn.cauly:cauly-sdk:3.5.35] AndroidManifest.xml:27:9-56
47-->[com.fsn.cauly:cauly-sdk:3.5.35] AndroidManifest.xml:27:18-53
48        <package android:name="com.standegg.realmerge" />
48-->[com.fsn.cauly:cauly-sdk:3.5.35] AndroidManifest.xml:28:9-58
48-->[com.fsn.cauly:cauly-sdk:3.5.35] AndroidManifest.xml:28:18-55
49        <package android:name="com.habby.punball" />
49-->[com.fsn.cauly:cauly-sdk:3.5.35] AndroidManifest.xml:29:9-53
49-->[com.fsn.cauly:cauly-sdk:3.5.35] AndroidManifest.xml:29:18-50
50        <package android:name="com.habby.kinjarun" />
50-->[com.fsn.cauly:cauly-sdk:3.5.35] AndroidManifest.xml:30:9-54
50-->[com.fsn.cauly:cauly-sdk:3.5.35] AndroidManifest.xml:30:18-51
51        <package android:name="com.percent.aos.randomdicego" />
51-->[com.fsn.cauly:cauly-sdk:3.5.35] AndroidManifest.xml:31:9-64
51-->[com.fsn.cauly:cauly-sdk:3.5.35] AndroidManifest.xml:31:18-61
52        <package android:name="com.nhnent.Qpoker" />
52-->[com.fsn.cauly:cauly-sdk:3.5.35] AndroidManifest.xml:32:9-53
52-->[com.fsn.cauly:cauly-sdk:3.5.35] AndroidManifest.xml:32:18-50
53        <package android:name="com.lilithgames.rok.gpkr" />
53-->[com.fsn.cauly:cauly-sdk:3.5.35] AndroidManifest.xml:33:9-60
53-->[com.fsn.cauly:cauly-sdk:3.5.35] AndroidManifest.xml:33:18-57
54        <package android:name="com.topwar.gp" />
54-->[com.fsn.cauly:cauly-sdk:3.5.35] AndroidManifest.xml:34:9-49
54-->[com.fsn.cauly:cauly-sdk:3.5.35] AndroidManifest.xml:34:18-46
55        <package android:name="com.camelgames.aoz" />
55-->[com.fsn.cauly:cauly-sdk:3.5.35] AndroidManifest.xml:35:9-54
55-->[com.fsn.cauly:cauly-sdk:3.5.35] AndroidManifest.xml:35:18-51
56        <package android:name="com.igg.android.lordsmobile" />
56-->[com.fsn.cauly:cauly-sdk:3.5.35] AndroidManifest.xml:36:9-63
56-->[com.fsn.cauly:cauly-sdk:3.5.35] AndroidManifest.xml:36:18-60
57        <package android:name="com.more.lastfortress.gp" />
57-->[com.fsn.cauly:cauly-sdk:3.5.35] AndroidManifest.xml:37:9-60
57-->[com.fsn.cauly:cauly-sdk:3.5.35] AndroidManifest.xml:37:18-57
58        <package android:name="com.nexon.kartdrift" />
58-->[com.fsn.cauly:cauly-sdk:3.5.35] AndroidManifest.xml:38:9-55
58-->[com.fsn.cauly:cauly-sdk:3.5.35] AndroidManifest.xml:38:18-52
59        <package android:name="com.nexon.kart" />
59-->[com.fsn.cauly:cauly-sdk:3.5.35] AndroidManifest.xml:39:9-50
59-->[com.fsn.cauly:cauly-sdk:3.5.35] AndroidManifest.xml:39:18-47
60        <package android:name="com.nianticlabs.pokemongo" />
60-->[com.fsn.cauly:cauly-sdk:3.5.35] AndroidManifest.xml:40:9-61
60-->[com.fsn.cauly:cauly-sdk:3.5.35] AndroidManifest.xml:40:18-58
61        <package android:name="com.gof.global" />
61-->[com.fsn.cauly:cauly-sdk:3.5.35] AndroidManifest.xml:41:9-50
61-->[com.fsn.cauly:cauly-sdk:3.5.35] AndroidManifest.xml:41:18-47
62        <package android:name="com.nintendo.zara" />
62-->[com.fsn.cauly:cauly-sdk:3.5.35] AndroidManifest.xml:42:9-53
62-->[com.fsn.cauly:cauly-sdk:3.5.35] AndroidManifest.xml:42:18-50
63        <package android:name="com.nekki.shadowfight" />
63-->[com.fsn.cauly:cauly-sdk:3.5.35] AndroidManifest.xml:43:9-57
63-->[com.fsn.cauly:cauly-sdk:3.5.35] AndroidManifest.xml:43:18-54
64        <package android:name="com.pubg.krmobile" />
64-->[com.fsn.cauly:cauly-sdk:3.5.35] AndroidManifest.xml:44:9-53
64-->[com.fsn.cauly:cauly-sdk:3.5.35] AndroidManifest.xml:44:18-50
65        <package android:name="com.supercell.brawlstars" />
65-->[com.fsn.cauly:cauly-sdk:3.5.35] AndroidManifest.xml:45:9-60
65-->[com.fsn.cauly:cauly-sdk:3.5.35] AndroidManifest.xml:45:18-57
66        <package android:name="com.pandadagames.ninja.global" />
66-->[com.fsn.cauly:cauly-sdk:3.5.35] AndroidManifest.xml:46:9-65
66-->[com.fsn.cauly:cauly-sdk:3.5.35] AndroidManifest.xml:46:18-62
67        <package android:name="com.miHoYo.bh3korea" />
67-->[com.fsn.cauly:cauly-sdk:3.5.35] AndroidManifest.xml:47:9-55
67-->[com.fsn.cauly:cauly-sdk:3.5.35] AndroidManifest.xml:47:18-52
68        <package android:name="com.fungames.battletanksbeta" />
68-->[com.fsn.cauly:cauly-sdk:3.5.35] AndroidManifest.xml:48:9-64
68-->[com.fsn.cauly:cauly-sdk:3.5.35] AndroidManifest.xml:48:18-61
69        <package android:name="com.haegin.playtogether" />
69-->[com.fsn.cauly:cauly-sdk:3.5.35] AndroidManifest.xml:49:9-59
69-->[com.fsn.cauly:cauly-sdk:3.5.35] AndroidManifest.xml:49:18-56
70        <package android:name="com.kakaogames.umamusume" />
70-->[com.fsn.cauly:cauly-sdk:3.5.35] AndroidManifest.xml:50:9-60
70-->[com.fsn.cauly:cauly-sdk:3.5.35] AndroidManifest.xml:50:18-57
71        <package android:name="com.fantome.penguinisle" />
71-->[com.fsn.cauly:cauly-sdk:3.5.35] AndroidManifest.xml:51:9-59
71-->[com.fsn.cauly:cauly-sdk:3.5.35] AndroidManifest.xml:51:18-56
72        <package android:name="com.nexon.fmk" />
72-->[com.fsn.cauly:cauly-sdk:3.5.35] AndroidManifest.xml:52:9-49
72-->[com.fsn.cauly:cauly-sdk:3.5.35] AndroidManifest.xml:52:18-46
73        <package android:name="com.longtukorea.yulgang" />
73-->[com.fsn.cauly:cauly-sdk:3.5.35] AndroidManifest.xml:53:9-59
73-->[com.fsn.cauly:cauly-sdk:3.5.35] AndroidManifest.xml:53:18-56
74        <package android:name="com.miHoYo.GenshinImpact" />
74-->[com.fsn.cauly:cauly-sdk:3.5.35] AndroidManifest.xml:54:9-60
74-->[com.fsn.cauly:cauly-sdk:3.5.35] AndroidManifest.xml:54:18-57
75        <package android:name="com.dxx.firenow" />
75-->[com.fsn.cauly:cauly-sdk:3.5.35] AndroidManifest.xml:55:9-51
75-->[com.fsn.cauly:cauly-sdk:3.5.35] AndroidManifest.xml:55:18-48
76        <package android:name="com.hunt.royale" />
76-->[com.fsn.cauly:cauly-sdk:3.5.35] AndroidManifest.xml:56:9-51
76-->[com.fsn.cauly:cauly-sdk:3.5.35] AndroidManifest.xml:56:18-48
77        <package android:name="com.kr.krd3.google" />
77-->[com.fsn.cauly:cauly-sdk:3.5.35] AndroidManifest.xml:57:9-54
77-->[com.fsn.cauly:cauly-sdk:3.5.35] AndroidManifest.xml:57:18-51
78        <package android:name="com.ncsoft.lineagem19" />
78-->[com.fsn.cauly:cauly-sdk:3.5.35] AndroidManifest.xml:58:9-57
78-->[com.fsn.cauly:cauly-sdk:3.5.35] AndroidManifest.xml:58:18-54
79        <package android:name="com.kakaogames.archewar" />
79-->[com.fsn.cauly:cauly-sdk:3.5.35] AndroidManifest.xml:59:9-59
79-->[com.fsn.cauly:cauly-sdk:3.5.35] AndroidManifest.xml:59:18-56
80        <package android:name="com.ncsoft.lineage2m19" />
80-->[com.fsn.cauly:cauly-sdk:3.5.35] AndroidManifest.xml:60:9-58
80-->[com.fsn.cauly:cauly-sdk:3.5.35] AndroidManifest.xml:60:18-55
81        <package android:name="com.ncsoft.lineagew" />
81-->[com.fsn.cauly:cauly-sdk:3.5.35] AndroidManifest.xml:61:9-55
81-->[com.fsn.cauly:cauly-sdk:3.5.35] AndroidManifest.xml:61:18-52
82        <package android:name="com.kakaogames.odin" />
82-->[com.fsn.cauly:cauly-sdk:3.5.35] AndroidManifest.xml:62:9-55
82-->[com.fsn.cauly:cauly-sdk:3.5.35] AndroidManifest.xml:62:18-52
83        <package android:name="com.tg.jsxwkr.gp" />
83-->[com.fsn.cauly:cauly-sdk:3.5.35] AndroidManifest.xml:63:9-52
83-->[com.fsn.cauly:cauly-sdk:3.5.35] AndroidManifest.xml:63:18-49
84        <package android:name="com.nexon.hit2" />
84-->[com.fsn.cauly:cauly-sdk:3.5.35] AndroidManifest.xml:64:9-50
84-->[com.fsn.cauly:cauly-sdk:3.5.35] AndroidManifest.xml:64:18-47
85        <package android:name="com.nexon.mdnf" />
85-->[com.fsn.cauly:cauly-sdk:3.5.35] AndroidManifest.xml:65:9-50
85-->[com.fsn.cauly:cauly-sdk:3.5.35] AndroidManifest.xml:65:18-47
86        <package android:name="com.roblox.client" />
86-->[com.fsn.cauly:cauly-sdk:3.5.35] AndroidManifest.xml:66:9-53
86-->[com.fsn.cauly:cauly-sdk:3.5.35] AndroidManifest.xml:66:18-50
87        <package android:name="com.netmarble.bnsmkr" />
87-->[com.fsn.cauly:cauly-sdk:3.5.35] AndroidManifest.xml:67:9-56
87-->[com.fsn.cauly:cauly-sdk:3.5.35] AndroidManifest.xml:67:18-53
88        <package android:name="com.jvstudios.gpstracker" />
88-->[com.fsn.cauly:cauly-sdk:3.5.35] AndroidManifest.xml:68:9-60
88-->[com.fsn.cauly:cauly-sdk:3.5.35] AndroidManifest.xml:68:18-57
89        <package android:name="com.tg.ysczgkr.gp" />
89-->[com.fsn.cauly:cauly-sdk:3.5.35] AndroidManifest.xml:69:9-53
89-->[com.fsn.cauly:cauly-sdk:3.5.35] AndroidManifest.xml:69:18-50
90        <package android:name="com.global.ztmslgkr" />
90-->[com.fsn.cauly:cauly-sdk:3.5.35] AndroidManifest.xml:70:9-55
90-->[com.fsn.cauly:cauly-sdk:3.5.35] AndroidManifest.xml:70:18-52
91        <package android:name="com.devsisters.ck" />
91-->[com.fsn.cauly:cauly-sdk:3.5.35] AndroidManifest.xml:71:9-53
91-->[com.fsn.cauly:cauly-sdk:3.5.35] AndroidManifest.xml:71:18-50
92        <package android:name="com.gravity.rox.and" />
92-->[com.fsn.cauly:cauly-sdk:3.5.35] AndroidManifest.xml:72:9-55
92-->[com.fsn.cauly:cauly-sdk:3.5.35] AndroidManifest.xml:72:18-52
93        <package android:name="com.proximabeta.nikke" />
93-->[com.fsn.cauly:cauly-sdk:3.5.35] AndroidManifest.xml:73:9-57
93-->[com.fsn.cauly:cauly-sdk:3.5.35] AndroidManifest.xml:73:18-54
94        <package android:name="com.qjzj4399kr.google" />
94-->[com.fsn.cauly:cauly-sdk:3.5.35] AndroidManifest.xml:74:9-57
94-->[com.fsn.cauly:cauly-sdk:3.5.35] AndroidManifest.xml:74:18-54
95        <package android:name="com.ageofeternity.global" />
95-->[com.fsn.cauly:cauly-sdk:3.5.35] AndroidManifest.xml:75:9-60
95-->[com.fsn.cauly:cauly-sdk:3.5.35] AndroidManifest.xml:75:18-57
96        <package android:name="com.nexon.nsc.maplem" />
96-->[com.fsn.cauly:cauly-sdk:3.5.35] AndroidManifest.xml:76:9-56
96-->[com.fsn.cauly:cauly-sdk:3.5.35] AndroidManifest.xml:76:18-53
97        <package android:name="com.kakaogames.eversoul" />
97-->[com.fsn.cauly:cauly-sdk:3.5.35] AndroidManifest.xml:77:9-59
97-->[com.fsn.cauly:cauly-sdk:3.5.35] AndroidManifest.xml:77:18-56
98        <package android:name="com.jiulingsykr.andr" />
98-->[com.fsn.cauly:cauly-sdk:3.5.35] AndroidManifest.xml:78:9-56
98-->[com.fsn.cauly:cauly-sdk:3.5.35] AndroidManifest.xml:78:18-53
99        <package android:name="com.chaosportal.shark" />
99-->[com.fsn.cauly:cauly-sdk:3.5.35] AndroidManifest.xml:79:9-57
99-->[com.fsn.cauly:cauly-sdk:3.5.35] AndroidManifest.xml:79:18-54
100        <package android:name="com.legendsabuk.legends" />
100-->[com.fsn.cauly:cauly-sdk:3.5.35] AndroidManifest.xml:80:9-59
100-->[com.fsn.cauly:cauly-sdk:3.5.35] AndroidManifest.xml:80:18-56
101        <package android:name="com.nexon.bluearchive" />
101-->[com.fsn.cauly:cauly-sdk:3.5.35] AndroidManifest.xml:81:9-57
101-->[com.fsn.cauly:cauly-sdk:3.5.35] AndroidManifest.xml:81:18-54
102        <package android:name="com.heavenburnsred" />
102-->[com.fsn.cauly:cauly-sdk:3.5.35] AndroidManifest.xml:82:9-54
102-->[com.fsn.cauly:cauly-sdk:3.5.35] AndroidManifest.xml:82:18-51
103        <package android:name="com.com2us.smon.normal.freefull.google.kr.android.common" />
103-->[com.fsn.cauly:cauly-sdk:3.5.35] AndroidManifest.xml:83:9-92
103-->[com.fsn.cauly:cauly-sdk:3.5.35] AndroidManifest.xml:83:18-89
104        <package android:name="com.ulugame.hsjgkr.google" />
104-->[com.fsn.cauly:cauly-sdk:3.5.35] AndroidManifest.xml:84:9-61
104-->[com.fsn.cauly:cauly-sdk:3.5.35] AndroidManifest.xml:84:18-58
105        <package android:name="com.amonggods.cgpb" />
105-->[com.fsn.cauly:cauly-sdk:3.5.35] AndroidManifest.xml:85:9-54
105-->[com.fsn.cauly:cauly-sdk:3.5.35] AndroidManifest.xml:85:18-51
106        <package android:name="com.nexters.herowars" />
106-->[com.fsn.cauly:cauly-sdk:3.5.35] AndroidManifest.xml:86:9-56
106-->[com.fsn.cauly:cauly-sdk:3.5.35] AndroidManifest.xml:86:18-53
107        <package android:name="kr.aos.com.aprogen.dragonrajaorigin" />
107-->[com.fsn.cauly:cauly-sdk:3.5.35] AndroidManifest.xml:87:9-71
107-->[com.fsn.cauly:cauly-sdk:3.5.35] AndroidManifest.xml:87:18-68
108        <package android:name="com.stove.epic7.google" />
108-->[com.fsn.cauly:cauly-sdk:3.5.35] AndroidManifest.xml:88:9-58
108-->[com.fsn.cauly:cauly-sdk:3.5.35] AndroidManifest.xml:88:18-55
109        <package android:name="viva.republica.toss" />
109-->[com.fsn.cauly:cauly-sdk:3.5.35] AndroidManifest.xml:89:9-55
109-->[com.fsn.cauly:cauly-sdk:3.5.35] AndroidManifest.xml:89:18-52
110        <package android:name="com.fusionmedia.investing" />
110-->[com.fsn.cauly:cauly-sdk:3.5.35] AndroidManifest.xml:90:9-61
110-->[com.fsn.cauly:cauly-sdk:3.5.35] AndroidManifest.xml:90:18-58
111        <package android:name="com.miraeasset.trade" />
111-->[com.fsn.cauly:cauly-sdk:3.5.35] AndroidManifest.xml:91:9-56
111-->[com.fsn.cauly:cauly-sdk:3.5.35] AndroidManifest.xml:91:18-53
112        <package android:name="com.kbsec.mts.iplustarngm2" />
112-->[com.fsn.cauly:cauly-sdk:3.5.35] AndroidManifest.xml:92:9-62
112-->[com.fsn.cauly:cauly-sdk:3.5.35] AndroidManifest.xml:92:18-59
113        <package android:name="com.droid4you.application.wallet" />
113-->[com.fsn.cauly:cauly-sdk:3.5.35] AndroidManifest.xml:93:9-68
113-->[com.fsn.cauly:cauly-sdk:3.5.35] AndroidManifest.xml:93:18-65
114        <package android:name="com.wooriwm.mugsmart" />
114-->[com.fsn.cauly:cauly-sdk:3.5.35] AndroidManifest.xml:94:9-56
114-->[com.fsn.cauly:cauly-sdk:3.5.35] AndroidManifest.xml:94:18-53
115        <package android:name="com.wooriwm.txsmart" />
115-->[com.fsn.cauly:cauly-sdk:3.5.35] AndroidManifest.xml:95:9-55
115-->[com.fsn.cauly:cauly-sdk:3.5.35] AndroidManifest.xml:95:18-52
116        <package android:name="com.daishin" />
116-->[com.fsn.cauly:cauly-sdk:3.5.35] AndroidManifest.xml:96:9-47
116-->[com.fsn.cauly:cauly-sdk:3.5.35] AndroidManifest.xml:96:18-44
117        <package android:name="com.samsungpop.android.mpop" />
117-->[com.fsn.cauly:cauly-sdk:3.5.35] AndroidManifest.xml:97:9-63
117-->[com.fsn.cauly:cauly-sdk:3.5.35] AndroidManifest.xml:97:18-60
118        <package android:name="com.yuanta.tradarm" />
118-->[com.fsn.cauly:cauly-sdk:3.5.35] AndroidManifest.xml:98:9-54
118-->[com.fsn.cauly:cauly-sdk:3.5.35] AndroidManifest.xml:98:18-51
119        <package android:name="com.truefriend.neosmartarenewal" />
119-->[com.fsn.cauly:cauly-sdk:3.5.35] AndroidManifest.xml:99:9-67
119-->[com.fsn.cauly:cauly-sdk:3.5.35] AndroidManifest.xml:99:18-64
120        <package android:name="com.shinhaninvest.mts" />
120-->[com.fsn.cauly:cauly-sdk:3.5.35] AndroidManifest.xml:100:9-57
120-->[com.fsn.cauly:cauly-sdk:3.5.35] AndroidManifest.xml:100:18-54
121        <package android:name="kr.co.finda.finda" />
121-->[com.fsn.cauly:cauly-sdk:3.5.35] AndroidManifest.xml:101:9-53
121-->[com.fsn.cauly:cauly-sdk:3.5.35] AndroidManifest.xml:101:18-50
122        <package android:name="com.btckorea.bithumb" />
122-->[com.fsn.cauly:cauly-sdk:3.5.35] AndroidManifest.xml:102:9-56
122-->[com.fsn.cauly:cauly-sdk:3.5.35] AndroidManifest.xml:102:18-53
123        <package android:name="com.dunamu.exchange" />
123-->[com.fsn.cauly:cauly-sdk:3.5.35] AndroidManifest.xml:103:9-55
123-->[com.fsn.cauly:cauly-sdk:3.5.35] AndroidManifest.xml:103:18-52
124        <package android:name="net.daum.android.webtoon" />
124-->[com.fsn.cauly:cauly-sdk:3.5.35] AndroidManifest.xml:104:9-60
124-->[com.fsn.cauly:cauly-sdk:3.5.35] AndroidManifest.xml:104:18-57
125        <package android:name="com.nhn.android.webtoon" />
125-->[com.fsn.cauly:cauly-sdk:3.5.35] AndroidManifest.xml:105:9-59
125-->[com.fsn.cauly:cauly-sdk:3.5.35] AndroidManifest.xml:105:18-56
126        <package android:name="co.spoonme" />
126-->[com.fsn.cauly:cauly-sdk:3.5.35] AndroidManifest.xml:106:9-46
126-->[com.fsn.cauly:cauly-sdk:3.5.35] AndroidManifest.xml:106:18-43
127        <package android:name="com.netflix.mediaclient" />
127-->[com.fsn.cauly:cauly-sdk:3.5.35] AndroidManifest.xml:107:9-59
127-->[com.fsn.cauly:cauly-sdk:3.5.35] AndroidManifest.xml:107:18-56
128        <package android:name="net.cj.cjhv.gs.tving" />
128-->[com.fsn.cauly:cauly-sdk:3.5.35] AndroidManifest.xml:108:9-56
128-->[com.fsn.cauly:cauly-sdk:3.5.35] AndroidManifest.xml:108:18-53
129        <package android:name="kr.co.captv.pooqV2" />
129-->[com.fsn.cauly:cauly-sdk:3.5.35] AndroidManifest.xml:109:9-54
129-->[com.fsn.cauly:cauly-sdk:3.5.35] AndroidManifest.xml:109:18-51
130        <package android:name="com.jobplanet.kr.android" />
130-->[com.fsn.cauly:cauly-sdk:3.5.35] AndroidManifest.xml:110:9-60
130-->[com.fsn.cauly:cauly-sdk:3.5.35] AndroidManifest.xml:110:18-57
131        <package android:name="net.nrise.moci" />
131-->[com.fsn.cauly:cauly-sdk:3.5.35] AndroidManifest.xml:111:9-50
131-->[com.fsn.cauly:cauly-sdk:3.5.35] AndroidManifest.xml:111:18-47
132        <package android:name="com.teamblind.blind" />
132-->[com.fsn.cauly:cauly-sdk:3.5.35] AndroidManifest.xml:112:9-55
132-->[com.fsn.cauly:cauly-sdk:3.5.35] AndroidManifest.xml:112:18-52
133        <package android:name="com.linkedin.android" />
133-->[com.fsn.cauly:cauly-sdk:3.5.35] AndroidManifest.xml:113:9-56
133-->[com.fsn.cauly:cauly-sdk:3.5.35] AndroidManifest.xml:113:18-53
134        <package android:name="kr.co.rememberapp" />
134-->[com.fsn.cauly:cauly-sdk:3.5.35] AndroidManifest.xml:114:9-53
134-->[com.fsn.cauly:cauly-sdk:3.5.35] AndroidManifest.xml:114:18-50
135        <package android:name="com.facebook.katana" />
135-->[com.fsn.cauly:cauly-sdk:3.5.35] AndroidManifest.xml:115:9-55
135-->[com.fsn.cauly:cauly-sdk:3.5.35] AndroidManifest.xml:115:18-52
136        <package android:name="com.kakao.talk" />
136-->[com.fsn.cauly:cauly-sdk:3.5.35] AndroidManifest.xml:116:9-50
136-->[com.fsn.cauly:cauly-sdk:3.5.35] AndroidManifest.xml:116:18-47
137        <package android:name="com.nhn.android.band" />
137-->[com.fsn.cauly:cauly-sdk:3.5.35] AndroidManifest.xml:117:9-56
137-->[com.fsn.cauly:cauly-sdk:3.5.35] AndroidManifest.xml:117:18-53
138        <package android:name="com.instagram.android" />
138-->[com.fsn.cauly:cauly-sdk:3.5.35] AndroidManifest.xml:118:9-57
138-->[com.fsn.cauly:cauly-sdk:3.5.35] AndroidManifest.xml:118:18-54
139        <package android:name="com.nhn.android.search" />
139-->[com.fsn.cauly:cauly-sdk:3.5.35] AndroidManifest.xml:119:9-58
139-->[com.fsn.cauly:cauly-sdk:3.5.35] AndroidManifest.xml:119:18-55
140        <package android:name="com.ss.android.ugc.trill" />
140-->[com.fsn.cauly:cauly-sdk:3.5.35] AndroidManifest.xml:120:9-60
140-->[com.fsn.cauly:cauly-sdk:3.5.35] AndroidManifest.xml:120:18-57
141        <package android:name="com.twitter.android" />
141-->[com.fsn.cauly:cauly-sdk:3.5.35] AndroidManifest.xml:121:9-55
141-->[com.fsn.cauly:cauly-sdk:3.5.35] AndroidManifest.xml:121:18-52
142        <package android:name="com.nexon.er" />
142-->[com.fsn.cauly:cauly-sdk:3.5.35] AndroidManifest.xml:122:9-48
142-->[com.fsn.cauly:cauly-sdk:3.5.35] AndroidManifest.xml:122:18-45
143        <package android:name="com.nike.omega" />
143-->[com.fsn.cauly:cauly-sdk:3.5.35] AndroidManifest.xml:123:9-50
143-->[com.fsn.cauly:cauly-sdk:3.5.35] AndroidManifest.xml:123:18-47
144        <package android:name="com.coupang.mobile" />
144-->[com.fsn.cauly:cauly-sdk:3.5.35] AndroidManifest.xml:124:9-54
144-->[com.fsn.cauly:cauly-sdk:3.5.35] AndroidManifest.xml:124:18-51
145        <package android:name="com.alibaba.aliexpresshd" />
145-->[com.fsn.cauly:cauly-sdk:3.5.35] AndroidManifest.xml:125:9-60
145-->[com.fsn.cauly:cauly-sdk:3.5.35] AndroidManifest.xml:125:18-57
146        <package android:name="com.einnovation.temu" />
146-->[com.fsn.cauly:cauly-sdk:3.5.35] AndroidManifest.xml:126:9-56
146-->[com.fsn.cauly:cauly-sdk:3.5.35] AndroidManifest.xml:126:18-53
147
148        <intent>
148-->[io.github.nasmedia-tech:admixersdk:3.0.11] AndroidManifest.xml:19:9-25:18
149            <action android:name="android.intent.action.VIEW" />
149-->[io.github.nasmedia-tech:admixersdk:3.0.11] AndroidManifest.xml:20:13-65
149-->[io.github.nasmedia-tech:admixersdk:3.0.11] AndroidManifest.xml:20:21-62
150
151            <category android:name="android.intent.category.BROWSABLE" />
151-->[io.github.nasmedia-tech:admixersdk:3.0.11] AndroidManifest.xml:22:13-74
151-->[io.github.nasmedia-tech:admixersdk:3.0.11] AndroidManifest.xml:22:23-71
152
153            <data android:scheme="https" />
153-->[io.github.nasmedia-tech:admixersdk:3.0.11] AndroidManifest.xml:24:13-44
153-->[io.github.nasmedia-tech:admixersdk:3.0.11] AndroidManifest.xml:24:19-41
154        </intent>
155        <intent>
155-->[io.github.nasmedia-tech:admixersdk:3.0.11] AndroidManifest.xml:26:9-32:18
156            <action android:name="android.intent.action.VIEW" />
156-->[io.github.nasmedia-tech:admixersdk:3.0.11] AndroidManifest.xml:20:13-65
156-->[io.github.nasmedia-tech:admixersdk:3.0.11] AndroidManifest.xml:20:21-62
157
158            <category android:name="android.intent.category.BROWSABLE" />
158-->[io.github.nasmedia-tech:admixersdk:3.0.11] AndroidManifest.xml:22:13-74
158-->[io.github.nasmedia-tech:admixersdk:3.0.11] AndroidManifest.xml:22:23-71
159
160            <data android:scheme="http" />
160-->[io.github.nasmedia-tech:admixersdk:3.0.11] AndroidManifest.xml:24:13-44
160-->[io.github.nasmedia-tech:admixersdk:3.0.11] AndroidManifest.xml:24:19-41
161        </intent>
162        <intent>
162-->[io.github.nasmedia-tech:admixersdk:3.0.11] AndroidManifest.xml:33:9-35:18
163            <action android:name="android.intent.action.MAIN" />
163-->src/main/AndroidManifest.xml:136:17-69
163-->src/main/AndroidManifest.xml:136:25-66
164        </intent>
165        <intent>
165-->[com.unity3d.ads:unity-ads:4.15.1] AndroidManifest.xml:9:9-11:18
166            <action android:name="com.attribution.REFERRAL_PROVIDER" />
166-->[com.unity3d.ads:unity-ads:4.15.1] AndroidManifest.xml:10:13-72
166-->[com.unity3d.ads:unity-ads:4.15.1] AndroidManifest.xml:10:21-69
167        </intent>
168        <intent>
168-->[com.applovin:applovin-sdk:13.1.0] AndroidManifest.xml:8:9-10:18
169            <action android:name="com.applovin.am.intent.action.APPHUB_SERVICE" />
169-->[com.applovin:applovin-sdk:13.1.0] AndroidManifest.xml:9:13-83
169-->[com.applovin:applovin-sdk:13.1.0] AndroidManifest.xml:9:21-80
170        </intent>
171        <intent>
171-->[com.applovin:applovin-sdk:13.1.0] AndroidManifest.xml:11:9-13:18
172            <action android:name="android.support.customtabs.action.CustomTabsService" />
172-->[com.applovin:applovin-sdk:13.1.0] AndroidManifest.xml:12:13-90
172-->[com.applovin:applovin-sdk:13.1.0] AndroidManifest.xml:12:21-87
173        </intent>
174
175        <package android:name="com.igaworks.ssp" />
175-->[com.igaworks.ssp:IgawAdPopcornSSP:3.8.3] AndroidManifest.xml:11:9-52
175-->[com.igaworks.ssp:IgawAdPopcornSSP:3.8.3] AndroidManifest.xml:11:18-49
176        <package android:name="com.wiseled" />
176-->[com.wisernd:doyouad:1.0.33] AndroidManifest.xml:11:9-47
176-->[com.wisernd:doyouad:1.0.33] AndroidManifest.xml:11:18-44
177        <package android:name="com.ljo.board" />
177-->[com.wisernd:doyouad:1.0.33] AndroidManifest.xml:12:9-49
177-->[com.wisernd:doyouad:1.0.33] AndroidManifest.xml:12:18-46
178        <package android:name="net.daum.android.daum" />
178-->[com.wisernd:doyouad:1.0.33] AndroidManifest.xml:15:9-57
178-->[com.wisernd:doyouad:1.0.33] AndroidManifest.xml:15:18-54
179        <package android:name="com.brave.browser" />
179-->[com.wisernd:doyouad:1.0.33] AndroidManifest.xml:16:9-53
179-->[com.wisernd:doyouad:1.0.33] AndroidManifest.xml:16:18-50
180    </queries> <!-- Grants the READ_PHONE_STATE permission only on devices that run Android 10 (API level 29) and lower. -->
181    <uses-permission
181-->[io.github.nasmedia-tech:admixersdk:3.0.11] AndroidManifest.xml:11:5-13:38
182        android:name="READ_PHONE_STATE"
182-->[io.github.nasmedia-tech:admixersdk:3.0.11] AndroidManifest.xml:12:9-40
183        android:maxSdkVersion="29" />
183-->[io.github.nasmedia-tech:admixersdk:3.0.11] AndroidManifest.xml:13:9-35